[2025-02-11 11:25:02] local.ERROR: Class "Database\Factories\CategLivreFactory" not found {"exception":"[object] (Error(code: 0): Class \"Database\\Factories\\CategLivreFactory\" not found at C:\\Users\\oumai\\GestionLivres\\vendor\\laravel\\framework\\src\\Illuminate\\Database\\Eloquent\\Factories\\Factory.php:864)
[stacktrace]
#0 C:\\Users\\oumai\\GestionLivres\\vendor\\laravel\\framework\\src\\Illuminate\\Database\\Eloquent\\Factories\\HasFactory.php(21): Illuminate\\Database\\Eloquent\\Factories\\Factory::factoryForModel()
#1 C:\\Users\\oumai\\GestionLivres\\database\\seeders\\LivreSeeder.php(17): App\\Models\\CategLivre::factory()
#2 C:\\Users\\oumai\\GestionLivres\\vendor\\laravel\\framework\\src\\Illuminate\\Container\\BoundMethod.php(36): Database\\Seeders\\LivreSeeder->run()
#3 C:\\Users\\oumai\\GestionLivres\\vendor\\laravel\\framework\\src\\Illuminate\\Container\\Util.php(43): Illuminate\\Container\\BoundMethod::Illuminate\\Container\\{closure}()
#4 C:\\Users\\oumai\\GestionLivres\\vendor\\laravel\\framework\\src\\Illuminate\\Container\\BoundMethod.php(95): Illuminate\\Container\\Util::unwrapIfClosure()
#5 C:\\Users\\oumai\\GestionLivres\\vendor\\laravel\\framework\\src\\Illuminate\\Container\\BoundMethod.php(35): Illuminate\\Container\\BoundMethod::callBoundMethod()
#6 C:\\Users\\oumai\\GestionLivres\\vendor\\laravel\\framework\\src\\Illuminate\\Container\\Container.php(694): Illuminate\\Container\\BoundMethod::call()
#7 C:\\Users\\oumai\\GestionLivres\\vendor\\laravel\\framework\\src\\Illuminate\\Database\\Seeder.php(184): Illuminate\\Container\\Container->call()
#8 C:\\Users\\oumai\\GestionLivres\\vendor\\laravel\\framework\\src\\Illuminate\\Database\\Seeder.php(193): Illuminate\\Database\\Seeder->Illuminate\\Database\\{closure}()
#9 C:\\Users\\oumai\\GestionLivres\\vendor\\laravel\\framework\\src\\Illuminate\\Database\\Seeder.php(61): Illuminate\\Database\\Seeder->__invoke()
#10 C:\\Users\\oumai\\GestionLivres\\database\\seeders\\DatabaseSeeder.php(14): Illuminate\\Database\\Seeder->call()
#11 C:\\Users\\oumai\\GestionLivres\\vendor\\laravel\\framework\\src\\Illuminate\\Container\\BoundMethod.php(36): Database\\Seeders\\DatabaseSeeder->run()
#12 C:\\Users\\oumai\\GestionLivres\\vendor\\laravel\\framework\\src\\Illuminate\\Container\\Util.php(43): Illuminate\\Container\\BoundMethod::Illuminate\\Container\\{closure}()
#13 C:\\Users\\oumai\\GestionLivres\\vendor\\laravel\\framework\\src\\Illuminate\\Container\\BoundMethod.php(95): Illuminate\\Container\\Util::unwrapIfClosure()
#14 C:\\Users\\oumai\\GestionLivres\\vendor\\laravel\\framework\\src\\Illuminate\\Container\\BoundMethod.php(35): Illuminate\\Container\\BoundMethod::callBoundMethod()
#15 C:\\Users\\oumai\\GestionLivres\\vendor\\laravel\\framework\\src\\Illuminate\\Container\\Container.php(694): Illuminate\\Container\\BoundMethod::call()
#16 C:\\Users\\oumai\\GestionLivres\\vendor\\laravel\\framework\\src\\Illuminate\\Database\\Seeder.php(184): Illuminate\\Container\\Container->call()
#17 C:\\Users\\oumai\\GestionLivres\\vendor\\laravel\\framework\\src\\Illuminate\\Database\\Seeder.php(193): Illuminate\\Database\\Seeder->Illuminate\\Database\\{closure}()
#18 C:\\Users\\oumai\\GestionLivres\\vendor\\laravel\\framework\\src\\Illuminate\\Database\\Console\\Seeds\\SeedCommand.php(70): Illuminate\\Database\\Seeder->__invoke()
#19 C:\\Users\\oumai\\GestionLivres\\vendor\\laravel\\framework\\src\\Illuminate\\Database\\Eloquent\\Concerns\\GuardsAttributes.php(155): Illuminate\\Database\\Console\\Seeds\\SeedCommand->Illuminate\\Database\\Console\\Seeds\\{closure}()
#20 C:\\Users\\oumai\\GestionLivres\\vendor\\laravel\\framework\\src\\Illuminate\\Database\\Console\\Seeds\\SeedCommand.php(69): Illuminate\\Database\\Eloquent\\Model::unguarded()
#21 C:\\Users\\oumai\\GestionLivres\\vendor\\laravel\\framework\\src\\Illuminate\\Container\\BoundMethod.php(36): Illuminate\\Database\\Console\\Seeds\\SeedCommand->handle()
#22 C:\\Users\\oumai\\GestionLivres\\vendor\\laravel\\framework\\src\\Illuminate\\Container\\Util.php(43): Illuminate\\Container\\BoundMethod::Illuminate\\Container\\{closure}()
#23 C:\\Users\\oumai\\GestionLivres\\vendor\\laravel\\framework\\src\\Illuminate\\Container\\BoundMethod.php(95): Illuminate\\Container\\Util::unwrapIfClosure()
#24 C:\\Users\\oumai\\GestionLivres\\vendor\\laravel\\framework\\src\\Illuminate\\Container\\BoundMethod.php(35): Illuminate\\Container\\BoundMethod::callBoundMethod()
#25 C:\\Users\\oumai\\GestionLivres\\vendor\\laravel\\framework\\src\\Illuminate\\Container\\Container.php(694): Illuminate\\Container\\BoundMethod::call()
#26 C:\\Users\\oumai\\GestionLivres\\vendor\\laravel\\framework\\src\\Illuminate\\Console\\Command.php(213): Illuminate\\Container\\Container->call()
#27 C:\\Users\\oumai\\GestionLivres\\vendor\\symfony\\console\\Command\\Command.php(279): Illuminate\\Console\\Command->execute()
#28 C:\\Users\\oumai\\GestionLivres\\vendor\\laravel\\framework\\src\\Illuminate\\Console\\Command.php(182): Symfony\\Component\\Console\\Command\\Command->run()
#29 C:\\Users\\oumai\\GestionLivres\\vendor\\symfony\\console\\Application.php(1094): Illuminate\\Console\\Command->run()
#30 C:\\Users\\oumai\\GestionLivres\\vendor\\symfony\\console\\Application.php(342): Symfony\\Component\\Console\\Application->doRunCommand()
#31 C:\\Users\\oumai\\GestionLivres\\vendor\\symfony\\console\\Application.php(193): Symfony\\Component\\Console\\Application->doRun()
#32 C:\\Users\\oumai\\GestionLivres\\vendor\\laravel\\framework\\src\\Illuminate\\Foundation\\Console\\Kernel.php(198): Symfony\\Component\\Console\\Application->run()
#33 C:\\Users\\oumai\\GestionLivres\\vendor\\laravel\\framework\\src\\Illuminate\\Foundation\\Application.php(1231): Illuminate\\Foundation\\Console\\Kernel->handle()
#34 C:\\Users\\oumai\\GestionLivres\\artisan(13): Illuminate\\Foundation\\Application->handleCommand()
#35 {main}
"} 
